[2022-05-15 20:30:05,706][MainThread:4640574976][task_id:获取版本][version.py:54][INFO][btc 获取官方版本正确]
[2022-05-15 20:30:07,116][MainThread:4640574976][task_id:获取版本][version.py:54][INFO][eth 获取官方版本正确]
[2022-05-15 20:30:08,906][MainThread:4640574976][task_id:获取版本][version.py:54][INFO][bsc 获取官方版本正确]
[2022-05-15 20:30:10,245][MainThread:4640574976][task_id:获取版本][version.py:54][INFO][trx 获取官方版本正确]
[2022-05-15 20:30:11,472][MainThread:4640574976][task_id:获取版本][version.py:49][INFO][sol 获取官方版本正确]
[2022-05-15 20:30:12,828][MainThread:4640574976][task_id:获取版本][version.py:54][INFO][dot 获取官方版本正确]
[2022-05-15 20:30:14,184][MainThread:4640574976][task_id:获取版本][version.py:54][INFO][xrp 获取官方版本正确]
[2022-05-15 20:30:15,592][MainThread:4640574976][task_id:获取版本][version.py:54][INFO][klay 获取官方版本正确]
[2022-05-15 20:30:16,899][MainThread:4640574976][task_id:获取版本][version.py:54][INFO][luna 获取官方版本正确]
[2022-05-15 20:30:18,266][MainThread:4640574976][task_id:获取版本][version.py:54][INFO][atom 获取官方版本正确]
[2022-05-15 20:30:18,739][MainThread:4640574976][task_id:发送消息][weixin.py:15][INFO][发送消息成功,message:{"errcode":0,"errmsg":"ok"}]
[2022-05-15 20:31:48,148][MainThread:4737502720][task_id:获取版本][version.py:31][INFO][btc 获取本地版本正确]
[2022-05-15 20:31:49,047][MainThread:4737502720][task_id:获取版本][version.py:56][INFO][btc 获取官方版本正确]
[2022-05-15 20:31:49,712][MainThread:4737502720][task_id:获取版本][version.py:31][INFO][eth 获取本地版本正确]
[2022-05-15 20:31:50,687][MainThread:4737502720][task_id:获取版本][version.py:56][INFO][eth 获取官方版本正确]
[2022-05-15 20:31:51,271][MainThread:4737502720][task_id:获取版本][version.py:31][INFO][bsc 获取本地版本正确]
[2022-05-15 20:31:53,363][MainThread:4737502720][task_id:获取版本][version.py:56][INFO][bsc 获取官方版本正确]
[2022-05-15 20:31:53,936][MainThread:4737502720][task_id:获取版本][version.py:39][INFO][trx 获取本地版本正确]
[2022-05-15 20:31:54,621][MainThread:4737502720][task_id:获取版本][version.py:56][INFO][trx 获取官方版本正确]
[2022-05-15 20:31:55,231][MainThread:4737502720][task_id:获取版本][version.py:31][INFO][sol 获取本地版本正确]
[2022-05-15 20:31:55,769][MainThread:4737502720][task_id:获取版本][version.py:51][INFO][sol 获取官方版本正确]
[2022-05-15 20:31:56,357][MainThread:4737502720][task_id:获取版本][version.py:31][INFO][dot 获取本地版本正确]
[2022-05-15 20:31:57,148][MainThread:4737502720][task_id:获取版本][version.py:56][INFO][dot 获取官方版本正确]
[2022-05-15 20:31:57,770][MainThread:4737502720][task_id:获取版本][version.py:31][INFO][xrp 获取本地版本正确]
[2022-05-15 20:31:58,546][MainThread:4737502720][task_id:获取版本][version.py:56][INFO][xrp 获取官方版本正确]
[2022-05-15 20:31:59,169][MainThread:4737502720][task_id:获取版本][version.py:31][INFO][klay 获取本地版本正确]
[2022-05-15 20:31:59,924][MainThread:4737502720][task_id:获取版本][version.py:56][INFO][klay 获取官方版本正确]
[2022-05-15 20:32:00,441][MainThread:4737502720][task_id:获取版本][version.py:39][INFO][luna 获取本地版本正确]
[2022-05-15 20:32:01,285][MainThread:4737502720][task_id:获取版本][version.py:56][INFO][luna 获取官方版本正确]
[2022-05-15 20:32:01,959][MainThread:4737502720][task_id:获取版本][version.py:39][INFO][atom 获取本地版本正确]
[2022-05-15 20:32:02,829][MainThread:4737502720][task_id:获取版本][version.py:56][INFO][atom 获取官方版本正确]
[2022-05-15 20:32:03,301][MainThread:4737502720][task_id:发送消息][weixin.py:15][INFO][发送消息成功,message:{"errcode":0,"errmsg":"ok"}]
[2022-05-15 20:34:26,527][MainThread:4486462976][task_id:获取版本][version.py:31][INFO][btc 获取本地版本正确]
[2022-05-15 20:34:27,503][MainThread:4486462976][task_id:获取版本][version.py:56][INFO][btc 获取官方版本正确]
[2022-05-15 20:34:28,096][MainThread:4486462976][task_id:获取版本][version.py:31][INFO][eth 获取本地版本正确]
[2022-05-15 20:34:28,938][MainThread:4486462976][task_id:获取版本][version.py:56][INFO][eth 获取官方版本正确]
[2022-05-15 20:34:29,600][MainThread:4486462976][task_id:获取版本][version.py:31][INFO][bsc 获取本地版本正确]
[2022-05-15 20:34:30,831][MainThread:4486462976][task_id:获取版本][version.py:56][INFO][bsc 获取官方版本正确]
[2022-05-15 20:34:31,434][MainThread:4486462976][task_id:获取版本][version.py:39][INFO][trx 获取本地版本正确]
[2022-05-15 20:34:32,188][MainThread:4486462976][task_id:获取版本][version.py:56][INFO][trx 获取官方版本正确]
[2022-05-15 20:34:32,747][MainThread:4486462976][task_id:获取版本][version.py:31][INFO][sol 获取本地版本正确]
[2022-05-15 20:34:32,846][MainThread:4486462976][task_id:获取版本][version.py:59][INFO][sol 获取官方版本错误,message:HTTPSConnectionPool(host='api.mainnet-beta.solana.comm', port=443): Max retries exceeded with url: / (Caused by NewConnectionError('<urllib3.connection.HTTPSConnection object at 0x7f91204cce50>: Failed to establish a new connection: [Errno 8] nodename nor servname provided, or not known'))]
[2022-05-15 20:34:33,408][MainThread:4486462976][task_id:获取版本][version.py:31][INFO][dot 获取本地版本正确]
[2022-05-15 20:34:34,188][MainThread:4486462976][task_id:获取版本][version.py:56][INFO][dot 获取官方版本正确]
[2022-05-15 20:34:34,813][MainThread:4486462976][task_id:获取版本][version.py:31][INFO][xrp 获取本地版本正确]
[2022-05-15 20:34:35,719][MainThread:4486462976][task_id:获取版本][version.py:56][INFO][xrp 获取官方版本正确]
[2022-05-15 20:34:36,400][MainThread:4486462976][task_id:获取版本][version.py:31][INFO][klay 获取本地版本正确]
[2022-05-15 20:34:37,227][MainThread:4486462976][task_id:获取版本][version.py:56][INFO][klay 获取官方版本正确]
[2022-05-15 20:34:37,784][MainThread:4486462976][task_id:获取版本][version.py:39][INFO][luna 获取本地版本正确]
[2022-05-15 20:34:38,499][MainThread:4486462976][task_id:获取版本][version.py:56][INFO][luna 获取官方版本正确]
[2022-05-15 20:34:38,999][MainThread:4486462976][task_id:获取版本][version.py:39][INFO][atom 获取本地版本正确]
[2022-05-15 20:34:39,747][MainThread:4486462976][task_id:获取版本][version.py:56][INFO][atom 获取官方版本正确]
[2022-05-15 20:34:40,178][MainThread:4486462976][task_id:发送消息][weixin.py:15][INFO][发送消息成功,message:{"errcode":0,"errmsg":"ok"}]
[2022-05-15 20:35:01,760][MainThread:4570369536][task_id:获取版本][version.py:31][INFO][btc 获取本地版本正确]
[2022-05-15 20:35:02,484][MainThread:4570369536][task_id:获取版本][version.py:56][INFO][btc 获取官方版本正确]
[2022-05-15 20:35:03,108][MainThread:4570369536][task_id:获取版本][version.py:31][INFO][eth 获取本地版本正确]
[2022-05-15 20:35:03,934][MainThread:4570369536][task_id:获取版本][version.py:56][INFO][eth 获取官方版本正确]
[2022-05-15 20:35:04,470][MainThread:4570369536][task_id:获取版本][version.py:31][INFO][bsc 获取本地版本正确]
[2022-05-15 20:35:05,655][MainThread:4570369536][task_id:获取版本][version.py:56][INFO][bsc 获取官方版本正确]
[2022-05-15 20:35:06,192][MainThread:4570369536][task_id:获取版本][version.py:39][INFO][trx 获取本地版本正确]
[2022-05-15 20:35:06,968][MainThread:4570369536][task_id:获取版本][version.py:56][INFO][trx 获取官方版本正确]
[2022-05-15 20:35:07,520][MainThread:4570369536][task_id:获取版本][version.py:31][INFO][sol 获取本地版本正确]
[2022-05-15 20:35:08,106][MainThread:4570369536][task_id:获取版本][version.py:51][INFO][sol 获取官方版本正确]
[2022-05-15 20:35:08,688][MainThread:4570369536][task_id:获取版本][version.py:31][INFO][dot 获取本地版本正确]
[2022-05-15 20:35:09,472][MainThread:4570369536][task_id:获取版本][version.py:56][INFO][dot 获取官方版本正确]
[2022-05-15 20:35:09,989][MainThread:4570369536][task_id:获取版本][version.py:31][INFO][xrp 获取本地版本正确]
[2022-05-15 20:35:10,778][MainThread:4570369536][task_id:获取版本][version.py:56][INFO][xrp 获取官方版本正确]
[2022-05-15 20:35:11,330][MainThread:4570369536][task_id:获取版本][version.py:31][INFO][klay 获取本地版本正确]
[2022-05-15 20:35:12,143][MainThread:4570369536][task_id:获取版本][version.py:56][INFO][klay 获取官方版本正确]
[2022-05-15 20:35:12,749][MainThread:4570369536][task_id:获取版本][version.py:39][INFO][luna 获取本地版本正确]
[2022-05-15 20:35:13,611][MainThread:4570369536][task_id:获取版本][version.py:56][INFO][luna 获取官方版本正确]
[2022-05-15 20:35:14,153][MainThread:4570369536][task_id:获取版本][version.py:39][INFO][atom 获取本地版本正确]
[2022-05-15 20:35:14,917][MainThread:4570369536][task_id:获取版本][version.py:56][INFO][atom 获取官方版本正确]
[2022-05-15 20:35:15,389][MainThread:4570369536][task_id:发送消息][weixin.py:15][INFO][发送消息成功,message:{"errcode":0,"errmsg":"ok"}]
[2022-05-15 20:36:53,642][MainThread:4459404800][task_id:获取版本][version.py:31][INFO][btc 获取本地版本正确]
[2022-05-15 20:36:54,604][MainThread:4459404800][task_id:获取版本][version.py:56][INFO][btc 获取官方版本正确]
[2022-05-15 20:36:55,143][MainThread:4459404800][task_id:获取版本][version.py:31][INFO][eth 获取本地版本正确]
[2022-05-15 20:36:55,899][MainThread:4459404800][task_id:获取版本][version.py:56][INFO][eth 获取官方版本正确]
[2022-05-15 20:36:56,545][MainThread:4459404800][task_id:获取版本][version.py:31][INFO][bsc 获取本地版本正确]
[2022-05-15 20:36:57,774][MainThread:4459404800][task_id:获取版本][version.py:56][INFO][bsc 获取官方版本正确]
[2022-05-15 20:36:58,354][MainThread:4459404800][task_id:获取版本][version.py:39][INFO][trx 获取本地版本正确]
[2022-05-15 20:36:59,103][MainThread:4459404800][task_id:获取版本][version.py:56][INFO][trx 获取官方版本正确]
[2022-05-15 20:36:59,575][MainThread:4459404800][task_id:获取版本][version.py:31][INFO][sol 获取本地版本正确]
[2022-05-15 20:36:59,575][MainThread:4459404800][task_id:获取版本][version.py:44][INFO][sol 获取本地版本错误,message:[Errno Expecting value] <html>
<head><title>404 Not Found</title></head>
<body>
<center><h1>404 Not Found</h1></center>
<hr><center>nginx/1.16.1</center>
</body>
</html>
: 0]
[2022-05-15 20:37:00,225][MainThread:4459404800][task_id:获取版本][version.py:51][INFO][sol 获取官方版本正确]
[2022-05-15 20:37:00,965][MainThread:4459404800][task_id:获取版本][version.py:31][INFO][dot 获取本地版本正确]
[2022-05-15 20:37:01,743][MainThread:4459404800][task_id:获取版本][version.py:56][INFO][dot 获取官方版本正确]
[2022-05-15 20:37:02,358][MainThread:4459404800][task_id:获取版本][version.py:31][INFO][xrp 获取本地版本正确]
[2022-05-15 20:37:03,070][MainThread:4459404800][task_id:获取版本][version.py:56][INFO][xrp 获取官方版本正确]
[2022-05-15 20:37:03,704][MainThread:4459404800][task_id:获取版本][version.py:31][INFO][klay 获取本地版本正确]
[2022-05-15 20:37:04,493][MainThread:4459404800][task_id:获取版本][version.py:56][INFO][klay 获取官方版本正确]
[2022-05-15 20:37:05,001][MainThread:4459404800][task_id:获取版本][version.py:39][INFO][luna 获取本地版本正确]
[2022-05-15 20:37:05,734][MainThread:4459404800][task_id:获取版本][version.py:56][INFO][luna 获取官方版本正确]
[2022-05-15 20:37:06,290][MainThread:4459404800][task_id:获取版本][version.py:39][INFO][atom 获取本地版本正确]
[2022-05-15 20:37:07,022][MainThread:4459404800][task_id:获取版本][version.py:56][INFO][atom 获取官方版本正确]
[2022-05-15 20:37:07,425][MainThread:4459404800][task_id:发送消息][weixin.py:15][INFO][发送消息成功,message:{"errcode":0,"errmsg":"ok"}]
